#
# There is insufficient memory for the Java Runtime Environment to continue.
# Native memory allocation (mmap) failed to map 268435456 bytes. Error detail: G1 virtual space
# Possible reasons:
#   The system is out of physical RAM or swap space
#   This process is running with CompressedOops enabled, and the Java Heap may be blocking the growth of the native heap
# Possible solutions:
#   Reduce memory load on the system
#   Increase physical memory or swap space
#   Check if swap backing store is full
#   Decrease Java heap size (-Xmx/-Xms)
#   Decrease number of Java threads
#   Decrease Java thread stack sizes (-Xss)
#   Set larger code cache with -XX:ReservedCodeCacheSize=
#   JVM is running with Unscaled Compressed Oops mode in which the Java heap is
#     placed in the first 4GB address space. The Java Heap base address is the
#     maximum limit for the native heap growth. Please use -XX:HeapBaseMinAddress
#     to set the Java Heap base and to place the Java Heap above 4GB virtual address.
# This output file may be truncated or incomplete.
#
#  Out of Memory Error (os_windows.cpp:3926), pid=23548, tid=23200
#
# JRE version:  (21.0.10+1) (build )
# Java VM: OpenJDK 64-Bit Server VM (21.0.10+1-b1163.105, mixed mode, sharing, tiered, compressed oops, compressed class ptrs, g1 gc, windows-amd64)
# No core dump will be written. Minidumps are not enabled by default on client versions of Windows
#

---------------  S U M M A R Y ------------

Command Line: -Djava.rmi.server.hostname=127.0.0.1 -Duser.timezone=UTC -Xmx750m -Xms256m --add-exports=java.desktop/sun.awt=ALL-UNNAMED --add-exports=java.desktop/java.awt.peer=ALL-UNNAMED --add-opens=java.desktop/java.awt=ALL-UNNAMED --add-opens=jdk.unsupported/sun.misc=ALL-UNNAMED --add-opens=java.base/java.nio=ALL-UNNAMED --add-opens=java.base/java.util=ALL-UNNAMED -Dfile.encoding=UTF-8 -Dsun.stdout.encoding=UTF-8 -Dsun.stderr.encoding=UTF-8 com.intellij.database.remote.RemoteJdbcServer org.mariadb.jdbc.Driver

Host: 11th Gen Intel(R) Core(TM) i7-1165G7 @ 2.80GHz, 8 cores, 15G,  Windows 11 , 64 bit Build 26100 (10.0.26100.7705)
Time: Tue Mar 10 10:45:44 2026 W. Europe Standard Time elapsed time: 0.895550 seconds (0d 0h 0m 0s)

---------------  T H R E A D  ---------------

Current thread (0x0000028d81fdf4d0):  JavaThread "Unknown thread" [_thread_in_vm, id=23200, stack(0x000000a096600000,0x000000a096700000) (1024K)]

Stack: [0x000000a096600000,0x000000a096700000]
Native frames: (J=compiled Java code, j=interpreted, Vv=VM code, C=native code)
V  [jvm.dll+0x6ecf49]
V  [jvm.dll+0x8cbe73]
V  [jvm.dll+0x8ce49e]
V  [jvm.dll+0x8ceb83]
V  [jvm.dll+0x28b776]
V  [jvm.dll+0x6e9725]
V  [jvm.dll+0x6dcdba]
V  [jvm.dll+0x3671cb]
V  [jvm.dll+0x36edb6]
V  [jvm.dll+0x3c1436]
V  [jvm.dll+0x3c1708]
V  [jvm.dll+0x33997c]
V  [jvm.dll+0x33a66b]
V  [jvm.dll+0x894719]
V  [jvm.dll+0x3ce608]
V  [jvm.dll+0x87d658]
V  [jvm.dll+0x46322e]
V  [jvm.dll+0x464f11]
C  [jli.dll+0x52ab]
C  [ucrtbase.dll+0x37b0]
C  [KERNEL32.DLL+0x2e8d7]
C  [ntdll.dll+0x8c40c]


---------------  P R O C E S S  ---------------

Threads class SMR info:
_java_thread_list=0x00007ffbb5c552c8, length=0, elements={
}

Java Threads: ( => current thread )
Total: 0

Other Threads:
  0x0000028d844ae060 WorkerThread "GC Thread#0"                     [id=19788, stack(0x000000a096700000,0x000000a096800000) (1024K)]
  0x0000028d844b4d20 ConcurrentGCThread "G1 Main Marker"            [id=27676, stack(0x000000a096800000,0x000000a096900000) (1024K)]
  0x0000028d844b65c0 WorkerThread "G1 Conc#0"                       [id=28968, stack(0x000000a096900000,0x000000a096a00000) (1024K)]

[error occurred during error reporting (printing all threads), id 0xc0000005, EXCEPTION_ACCESS_VIOLATION (0xc0000005) at pc=0x00007ffbb533c9d7]
VM state: not at safepoint (not fully initialized)

VM Mutex/Monitor currently owned by a thread:  ([mutex/lock_event])
[0x00007ffbb5cc9e20] Heap_lock - owner thread: 0x0000028d81fdf4d0

Heap address: 0x00000000d1200000, size: 750 MB, Compressed Oops mode: 32-bit

CDS archive(s) mapped at: [0x0000000000000000-0x0000000000000000-0x0000000000000000), size 0, SharedBaseAddress: 0x0000000800000000, ArchiveRelocationMode: 1.
Narrow klass base: 0x0000000000000000, Narrow klass shift: 0, Narrow klass range: 0x0

GC Precious Log:
 CardTable entry size: 512
 Card Set container configuration: InlinePtr #cards 5 size 8 Array Of Cards #cards 12 size 40 Howl #buckets 4 coarsen threshold 1843 Howl Bitmap #cards 512 size 80 coarsen threshold 460 Card regions per heap region 1 cards per card region 2048

Heap:
 garbage-first heap   total 0K, used 0K [0x00000000d1200000, 0x0000000100000000)
  region size 1024K, 0 young (0K), 0 survivors (0K)
 Metaspace       used 0K, committed 0K, reserved 0K
  class space    used 0K, committed 0K, reserved 0K

Heap Regions: E=young(eden), S=young(survivor), O=old, HS=humongous(starts), HC=humongous(continues), CS=collection set, F=free, TAMS=top-at-mark-start, PB=parsable bottom

Card table byte_map: [0x0000028d97990000,0x0000028d97b10000] _byte_map_base: 0x0000028d97307000

Marking Bits: (CMBitMap*) 0x0000028d844ae680
 Bits: [0x0000028d97b10000, 0x0000028d986c8000)

GC Heap History (0 events):
No events

Dll operation events (1 events):
Event: 0.008 Loaded shared library S:\Programs\JetBrains\DataGrip\jbr\bin\java.dll

Deoptimization events (0 events):
No events

Classes loaded (0 events):
No events

Classes unloaded (0 events):
No events

Classes redefined (0 events):
No events

Internal exceptions (0 events):
No events

ZGC Phase Switch (0 events):
No events

VM Operations (0 events):
No events

Memory protections (0 events):
No events

Nmethod flushes (0 events):
No events

Events (0 events):
No events


Dynamic libraries:
0x00007ff674aa0000 - 0x00007ff674aaa000 	S:\Programs\JetBrains\DataGrip\jbr\bin\java.exe
0x00007ffc1de20000 - 0x00007ffc1e088000 	C:\WINDOWS\SYSTEM32\ntdll.dll
0x00007ffc1c5b0000 - 0x00007ffc1c679000 	C:\WINDOWS\System32\KERNEL32.DLL
0x00007ffc1b000000 - 0x00007ffc1b3f1000 	C:\WINDOWS\System32\KERNELBASE.dll
0x00007ffc14ee0000 - 0x00007ffc14f7e000 	C:\WINDOWS\SYSTEM32\apphelp.dll
0x00007ffc1b7a0000 - 0x00007ffc1b8eb000 	C:\WINDOWS\System32\ucrtbase.dll
0x00007ffc125a0000 - 0x00007ffc125b8000 	S:\Programs\JetBrains\DataGrip\jbr\bin\jli.dll
0x00007ffc07d10000 - 0x00007ffc07d2b000 	S:\Programs\JetBrains\DataGrip\jbr\bin\VCRUNTIME140.dll
0x00007ffc1ce60000 - 0x00007ffc1d026000 	C:\WINDOWS\System32\USER32.dll
0x00007ffc1b4c0000 - 0x00007ffc1b4e7000 	C:\WINDOWS\System32\win32u.dll
0x00007ffbff2a0000 - 0x00007ffbff533000 	C:\WINDOWS\WinSxS\amd64_microsoft.windows.common-controls_6595b64144ccf1df_6.0.26100.7824_none_3e0870b2e3345462\COMCTL32.dll
0x00007ffc1c580000 - 0x00007ffc1c5ab000 	C:\WINDOWS\System32\GDI32.dll
0x00007ffc1dc80000 - 0x00007ffc1dd29000 	C:\WINDOWS\System32\msvcrt.dll
0x00007ffc1b4f0000 - 0x00007ffc1b61b000 	C:\WINDOWS\System32\gdi32full.dll
0x00007ffc1bb10000 - 0x00007ffc1bbb3000 	C:\WINDOWS\System32\msvcp_win.dll
0x00007ffc1bbc0000 - 0x00007ffc1bbf1000 	C:\WINDOWS\System32\IMM32.DLL
0x00007ffc096d0000 - 0x00007ffc096dc000 	S:\Programs\JetBrains\DataGrip\jbr\bin\vcruntime140_1.dll
0x00007ffbc0a80000 - 0x00007ffbc0b0d000 	S:\Programs\JetBrains\DataGrip\jbr\bin\msvcp140.dll
0x00007ffbb4ff0000 - 0x00007ffbb5dbd000 	S:\Programs\JetBrains\DataGrip\jbr\bin\server\jvm.dll
0x00007ffc1c820000 - 0x00007ffc1c8d4000 	C:\WINDOWS\System32\ADVAPI32.dll
0x00007ffc1dd30000 - 0x00007ffc1ddd6000 	C:\WINDOWS\System32\sechost.dll
0x00007ffc1c040000 - 0x00007ffc1c158000 	C:\WINDOWS\System32\RPCRT4.dll
0x00007ffc1cdb0000 - 0x00007ffc1ce24000 	C:\WINDOWS\System32\WS2_32.dll
0x00007ffc1a560000 - 0x00007ffc1a5be000 	C:\WINDOWS\SYSTEM32\POWRPROF.dll
0x00007ffc181c0000 - 0x00007ffc181f5000 	C:\WINDOWS\SYSTEM32\WINMM.dll
0x00007ffc0ab60000 - 0x00007ffc0ab6b000 	C:\WINDOWS\SYSTEM32\VERSION.dll
0x00007ffc1a540000 - 0x00007ffc1a554000 	C:\WINDOWS\SYSTEM32\UMPDC.dll
0x00007ffc194a0000 - 0x00007ffc194bb000 	C:\WINDOWS\SYSTEM32\kernel.appcore.dll
0x00007ffc09170000 - 0x00007ffc0917a000 	S:\Programs\JetBrains\DataGrip\jbr\bin\jimage.dll
0x00007ffc185c0000 - 0x00007ffc18802000 	C:\WINDOWS\SYSTEM32\DBGHELP.DLL
0x00007ffc1c190000 - 0x00007ffc1c516000 	C:\WINDOWS\System32\combase.dll
0x00007ffc1cad0000 - 0x00007ffc1cba7000 	C:\WINDOWS\System32\OLEAUT32.dll
0x00007ffc18180000 - 0x00007ffc181bb000 	C:\WINDOWS\SYSTEM32\dbgcore.DLL
0x00007ffc1ba60000 - 0x00007ffc1bb05000 	C:\WINDOWS\System32\bcryptPrimitives.dll
0x00007ffc054e0000 - 0x00007ffc05500000 	S:\Programs\JetBrains\DataGrip\jbr\bin\java.dll

JVMTI agents: none

dbghelp: loaded successfully - version: 4.0.5 - missing functions: none
symbol engine: initialized successfully - sym options: 0x614 - pdb path: .;S:\Programs\JetBrains\DataGrip\jbr\bin;C:\WINDOWS\SYSTEM32;C:\WINDOWS\WinSxS\amd64_microsoft.windows.common-controls_6595b64144ccf1df_6.0.26100.7824_none_3e0870b2e3345462;S:\Programs\JetBrains\DataGrip\jbr\bin\server

VM Arguments:
jvm_args: -Djava.rmi.server.hostname=127.0.0.1 -Duser.timezone=UTC -Xmx750m -Xms256m --add-exports=java.desktop/sun.awt=ALL-UNNAMED --add-exports=java.desktop/java.awt.peer=ALL-UNNAMED --add-opens=java.desktop/java.awt=ALL-UNNAMED --add-opens=jdk.unsupported/sun.misc=ALL-UNNAMED --add-opens=java.base/java.nio=ALL-UNNAMED --add-opens=java.base/java.util=ALL-UNNAMED -Dfile.encoding=UTF-8 -Dsun.stdout.encoding=UTF-8 -Dsun.stderr.encoding=UTF-8 
java_command: com.intellij.database.remote.RemoteJdbcServer org.mariadb.jdbc.Driver
java_class_path (initial): S:\Programs\JetBrains\DataGrip\lib\util_rt.jar;S:\Programs\JetBrains\DataGrip\lib\module-intellij.libraries.fastutil.jar;S:\Programs\JetBrains\DataGrip\lib\groovy.jar;S:\Programs\JetBrains\DataGrip\plugins\DatabaseTools\lib\modules\intellij.database.jdbcConsole.jar;S:\Programs\JetBrains\DataGrip\lib\modules\intellij.grid.types.jar;S:\Programs\JetBrains\DataGrip\lib\util.jar;S:\Programs\JetBrains\DataGrip\lib\module-intellij.libraries.bouncy.castle.provider.jar
Launcher Type: SUN_STANDARD

[Global flags]
     intx CICompilerCount                          = 4                                         {product} {ergonomic}
     uint ConcGCThreads                            = 2                                         {product} {ergonomic}
     uint G1ConcRefinementThreads                  = 8                                         {product} {ergonomic}
   size_t G1HeapRegionSize                         = 1048576                                   {product} {ergonomic}
    uintx GCDrainStackTargetSize                   = 64                                        {product} {ergonomic}
   size_t InitialHeapSize                          = 268435456                                 {product} {command line}
   size_t MarkStackSize                            = 4194304                                   {product} {ergonomic}
   size_t MaxHeapSize                              = 786432000                                 {product} {command line}
   size_t MinHeapDeltaBytes                        = 1048576                                   {product} {ergonomic}
   size_t MinHeapSize                              = 268435456                                 {product} {command line}
    uintx NonNMethodCodeHeapSize                   = 5839372                                {pd product} {ergonomic}
    uintx NonProfiledCodeHeapSize                  = 122909434                              {pd product} {ergonomic}
    uintx ProfiledCodeHeapSize                     = 122909434                              {pd product} {ergonomic}
    uintx ReservedCodeCacheSize                    = 251658240                              {pd product} {ergonomic}
     bool SegmentedCodeCache                       = true                                      {product} {ergonomic}
   size_t SoftMaxHeapSize                          = 786432000                              {manageable} {ergonomic}
     bool UseCompressedOops                        = true                           {product lp64_product} {ergonomic}
     bool UseG1GC                                  = true                                      {product} {ergonomic}
     bool UseLargePagesIndividualAllocation        = false                                  {pd product} {ergonomic}

Logging:
Log output configuration:
 #0: stdout all=warning uptime,level,tags foldmultilines=false
 #1: stderr all=off uptime,level,tags foldmultilines=false

Release file:
<release file has not been read>
Environment Variables:
PATH=C:\Program Files (x86)\NVIDIA Corporation\PhysX\Common;C:\WINDOWS\system32;C:\WINDOWS;C:\WINDOWS\System32\Wbem;C:\WINDOWS\System32\WindowsPowerShell\v1.0\;C:\WINDOWS\System32\OpenSSH\;C:\Program Files\Git\cmd;C:\Program Files\dotnet\;C:\ProgramData\chocolatey\bin;C:\Program Files\nodejs\;C:\Program Files\Docker\Docker\resources\bin;C:\Users\cmdrp\AppData\Local\Microsoft\WindowsApps;C:\Users\cmdrp\AppData\Local\GitHubDesktop\bin;C:\Users\cmdrp\AppData\Local\JetBrains\Toolbox\scripts;C:\Users\cmdrp\.dotnet\tools;S:\Programs\Microsoft VS Code\bin;C:\Users\cmdrp\AppData\Roaming\npm
USERNAME=cmdrp
OS=Windows_NT
PROCESSOR_IDENTIFIER=Intel64 Family 6 Model 140 Stepping 1, GenuineIntel
TMP=C:\Users\cmdrp\AppData\Local\Temp
TEMP=C:\Users\cmdrp\AppData\Local\Temp




Periodic native trim disabled

JNI global refs:
JNI global refs: 0, weak refs: 0

JNI global refs memory usage: 0, weak refs: 0

Process memory usage:
Resident Set Size: 13896K (0% of 16497448K total physical memory with 1327708K free physical memory)

OOME stack traces (most recent first):
Classloader memory used:

---------------  S Y S T E M  ---------------

OS:
 Windows 11 , 64 bit Build 26100 (10.0.26100.7705)
OS uptime: 2 days 23:52 hours
Hyper-V role detected

CPU: total 8 (initial active 8) (4 cores per cpu, 2 threads per core) family 6 model 140 stepping 1 microcode 0xba, cx8, cmov, fxsr, ht, mmx, 3dnowpref, sse, sse2, sse3, ssse3, sse4.1, sse4.2, popcnt, lzcnt, tsc, tscinvbit, avx, avx2, aes, erms, clmul, bmi1, bmi2, adx, avx512f, avx512dq, avx512cd, avx512bw, avx512vl, sha, fma, vzeroupper, avx512_vpopcntdq, avx512_vpclmulqdq, avx512_vaes, avx512_vnni, clflush, clflushopt, clwb, avx512_vbmi2, avx512_vbmi, hv, rdtscp, rdpid, fsrm, gfni, avx512_bitalg, f16c, cet_ibt, cet_ss, avx512_ifma
Processor Information for the first 8 processors :
  Max Mhz: 2803, Current Mhz: 2803, Mhz Limit: 2803

Memory: 4k page, system-wide physical 16110M (1296M free)
TotalPageFile size 24206M (AvailPageFile size 254M)
current process WorkingSet (physical memory assigned to process): 13M, peak: 13M
current process commit charge ("private bytes"): 60M, peak: 316M

vm_info: OpenJDK 64-Bit Server VM (21.0.10+1-b1163.105) for windows-amd64 JRE (21.0.10+1-b1163.105), built on 2026-02-03 by "builduser" with MS VC++ 16.10 / 16.11 (VS2019)

END.
